2024-11-10 19:29:27 INFO  TC_001_NearBy_Hospetial:33 -
			-----Creating Driver-------
2024-11-10 19:29:32 INFO  TC_001_NearBy_Hospetial:49 -
			-------Opening URL----------
2024-11-10 19:29:35 INFO  TC_001_NearBy_Hospetial:23 -
			********Starting Test Case 1 ***********
2024-11-10 19:29:35 INFO  TC_001_NearBy_Hospetial:26 -
			****Test case 1 Ended ********
2024-11-10 19:29:35 INFO  TC_001_NearBy_Hospetial:31 -
			********* Test Case 2 Started *********
2024-11-10 19:29:42 INFO  TC_001_NearBy_Hospetial:34 -
			****Test case 2 Ended ********
2024-11-10 19:29:42 INFO  TC_001_NearBy_Hospetial:39 -
			********* Test Case 3 Started *********
2024-11-10 19:29:43 INFO  TC_001_NearBy_Hospetial:45 -
			****Test case 3 Ended ********
2024-11-10 19:29:43 INFO  TC_001_NearBy_Hospetial:50 -
			*************Test case 4 starting************
2024-11-10 19:30:22 INFO  TC_001_NearBy_Hospetial:53 -
			********* Hospetial List obtained *********
2024-11-10 19:30:22 INFO  TC_001_NearBy_Hospetial:54 -
			**********Test Case 4 Ended*************
2024-11-10 19:30:22 INFO  TC_001_NearBy_Hospetial:14 -
			********* Test case 5 started *********
2024-11-10 19:30:24 INFO  TC_001_NearBy_Hospetial:20 -
			********* Test case 5 Ended *********
2024-11-10 19:30:24 INFO  TC_001_NearBy_Hospetial:26 -
			********* Test case 6 started *********
2024-11-10 19:30:41 INFO  TC_001_NearBy_Hospetial:32 -
			********* Test case 6 Ended *********
2024-11-10 19:30:41 INFO  TC_001_NearBy_Hospetial:21 -
			********* Test case 7 started *********
2024-11-10 19:30:43 INFO  TC_001_NearBy_Hospetial:31 -
			********* Test case 7 Ended *********
